<?xml version="1.0" encoding="UTF-8" ?>
<testsuite failures="0" time="0.381" errors="0" skipped="0" tests="245" name="uk.ac.manchester.cs.snee.StreamResultSetTest">
  <properties>
[...]
</properties>
  <testcase time="0.01" name="testGetMetaData"/>
  <testcase time="0.016" name="testAbsolute_0"/>
  <testcase time="0.001" name="testAbsolute_1"/>
  <testcase time="0.001" name="testAbsolute_4"/>
  <testcase time="0.001" name="testAbsolute_negative2"/>
  <testcase time="0.001" name="testAbsolute_negative4"/>
  <testcase time="0.001" name="testAfterLast_noData"/>
  <testcase time="0.019" name="testAfterLast_data"/>
  <testcase time="0" name="testBeforeFirst_noData"/>
  <testcase time="0.014" name="testBeforeFirst_data"/>
  <testcase time="0.001" name="testBeforeFirst_dataMoveCursor"/>
  <testcase time="0.002" name="testDeleteRow"/>
  <testcase time="0.001" name="testFindColumn_exists"/>
  <testcase time="0.001" name="testFindColumn_notExists"/>
  <testcase time="0.001" name="testFirst_data"/>
  <testcase time="0.003" name="testFirst_noData"/>
  <testcase time="0.01" name="testGetArrayInt"/>
  <testcase time="0" name="testGetArrayString"/>
  <testcase time="0" name="testGetAsciiStreamInt"/>
  <testcase time="0.001" name="testGetAsciiStreamString"/>
  <testcase time="0.004" name="testGetBigDecimalInt_nonDecimal"/>
  <testcase time="0.002" name="testGetBigDecimalInt"/>
  <testcase time="0.001" name="testGetBigDecimalString_nonDecimal"/>
  <testcase time="0.002" name="testGetBigDecimalString_decimal"/>
  <testcase time="0.013" name="testGetBigDecimalIntInt"/>
  <testcase time="0.001" name="testGetBigDecimalStringInt"/>
  <testcase time="0" name="testGetBinaryStreamInt"/>
  <testcase time="0" name="testGetBinaryStreamString"/>
  <testcase time="0.001" name="testGetBlobInt"/>
  <testcase time="0.001" name="testGetBlobString"/>
  <testcase time="0.001" name="testGetBooleanInt_nonBoolean"/>
  <testcase time="0.001" name="testGetBooleanInt_BooleanTrue"/>
  <testcase time="0.001" name="testGetBooleanInt_BooleanFalse"/>
  <testcase time="0.001" name="testGetBooleanString_nonBoolean"/>
  <testcase time="0.001" name="testGetBooleanString_BooleanTrue"/>
  <testcase time="0.001" name="testGetBooleanString_BooleanFalse"/>
  <testcase time="0" name="testGetByteInt"/>
  <testcase time="0.001" name="testGetByteString"/>
  <testcase time="0.001" name="testGetBytesInt"/>
  <testcase time="0" name="testGetBytesString"/>
  <testcase time="0" name="testGetCharacterStreamInt"/>
  <testcase time="0.001" name="testGetCharacterStreamString"/>
  <testcase time="0" name="testGetClobInt"/>
  <testcase time="0.001" name="testGetClobString"/>
  <testcase time="0" name="testGetConcurrency"/>
  <testcase time="0" name="testGetCursorName"/>
  <testcase time="0.001" name="testGetDateInt"/>
  <testcase time="0" name="testGetDateString"/>
  <testcase time="0.001" name="testGetDateIntCalendar"/>
  <testcase time="0" name="testGetDateStringCalendar"/>
  <testcase time="0.008" name="testGetDoubleInt"/>
  <testcase time="0.001" name="testGetDoubleString"/>
  <testcase time="0" name="testGetFetchDirection"/>
  <testcase time="0.001" name="testGetFetchSize"/>
  <testcase time="0.001" name="testGetFloatInt_nonFloat"/>
  <testcase time="0.001" name="testGetFloatInt"/>
  <testcase time="0.001" name="testGetFloatString_nonFloat"/>
  <testcase time="0.001" name="testGetFloatString_float"/>
  <testcase time="0.013" name="testGetHoldability"/>
  <testcase time="0.001" name="testGetIntInt_nonInt"/>
  <testcase time="0.001" name="testGetIntInt"/>
  <testcase time="0.001" name="testGetIntString_nonInt"/>
  <testcase time="0.001" name="testGetIntString_int"/>
  <testcase time="0" name="testGetLongInt"/>
  <testcase time="0" name="testGetLongString"/>
  <testcase time="0" name="testGetNCharacterStreamInt"/>
  <testcase time="0" name="testGetNCharacterStreamString"/>
  <testcase time="0.001" name="testGetNClobInt"/>
  <testcase time="0" name="testGetNClobString"/>
  <testcase time="0.001" name="testGetNStringInt"/>
  <testcase time="0" name="testGetNStringString"/>
  <testcase time="0" name="testGetObjectInt"/>
  <testcase time="0.001" name="testGetObjectString"/>
  <testcase time="0" name="testGetObjectIntMapOfStringClassOfQ"/>
  <testcase time="0.001" name="testGetObjectStringMapOfStringClassOfQ"/>
  <testcase time="0" name="testGetRefInt"/>
  <testcase time="0" name="testGetRefString"/>
  <testcase time="0.001" name="testGetRow"/>
  <testcase time="0.001" name="testGetRow_data"/>
  <testcase time="0" name="testGetRowIdInt"/>
  <testcase time="0" name="testGetRowIdString"/>
  <testcase time="0" name="testGetSQLXMLInt"/>
  <testcase time="0" name="testGetSQLXMLString"/>
  <testcase time="0.001" name="testGetShortInt"/>
  <testcase time="0" name="testGetShortString"/>
  <testcase time="0.001" name="testGetStatement"/>
  <testcase time="0.001" name="testGetStringInt_nonString"/>
  <testcase time="0.001" name="testGetStringInt"/>
  <testcase time="0.002" name="testGetStringString_nonString"/>
  <testcase time="0.001" name="testGetStringString_int"/>
  <testcase time="0" name="testGetTimeInt"/>
  <testcase time="0" name="testGetTimeString"/>
  <testcase time="0.001" name="testGetTimeIntCalendar"/>
  <testcase time="0" name="testGetTimeStringCalendar"/>
  <testcase time="0.002" name="testGetTimestampInt_nonString"/>
  <testcase time="0.001" name="testGetTimestampInt"/>
  <testcase time="0.002" name="testGetTimestampString_nonString"/>
  <testcase time="0.001" name="testGetTimestampString_int"/>
  <testcase time="0" name="testGetTimestampIntCalendar"/>
  <testcase time="0" name="testGetTimestampStringCalendar"/>
  <testcase time="0.001" name="testGetType"/>
  <testcase time="0" name="testGetURLInt"/>
  <testcase time="0.001" name="testGetURLString"/>
  <testcase time="0" name="testGetUnicodeStreamInt"/>
  <testcase time="0" name="testGetUnicodeStreamString"/>
  <testcase time="0.001" name="testGetWarnings"/>
  <testcase time="0" name="testInsertRow"/>
  <testcase time="0" name="testIsAfterLast_noData"/>
  <testcase time="0.001" name="testIsAfterLast_dataNegative"/>
  <testcase time="0" name="testIsAfterLast_dataTrue"/>
  <testcase time="0" name="testIsBeforeFirst_noData"/>
  <testcase time="0.001" name="testIsBeforeFirst_dataNegative"/>
  <testcase time="0.001" name="testIsBeforeFirst_dataTrue"/>
  <testcase time="0" name="testIsClosed"/>
  <testcase time="0.001" name="testIsFirst_noData"/>
  <testcase time="0.001" name="testIsFirst_dataFalse"/>
  <testcase time="0.001" name="testIsFirst_dataBeforeFirst"/>
  <testcase time="0.001" name="testIsFirst_dataTrue"/>
  <testcase time="0.001" name="testIsLast_noData"/>
  <testcase time="0.001" name="testIsLast_dataFalse"/>
  <testcase time="0.001" name="testIsLast_dataAfterLast"/>
  <testcase time="0.001" name="testIsLast_dataTrue"/>
  <testcase time="0.001" name="testLast_noData"/>
  <testcase time="0.001" name="testLast_data"/>
  <testcase time="0.001" name="testMoveToCurrentRow"/>
  <testcase time="0.001" name="testMoveToInsertRow"/>
  <testcase time="0" name="testNext_noData"/>
  <testcase time="0.001" name="testNext_dataBeforeFirst"/>
  <testcase time="0.001" name="testNext_dataOnRow"/>
  <testcase time="0" name="testNext_dataOnLast"/>
  <testcase time="0" name="testPrevious_noData"/>
  <testcase time="0.001" name="testPrevious_dataBeforeFirst"/>
  <testcase time="0.001" name="testPrevious_dataAfterLast"/>
  <testcase time="0" name="testPrevious_dataOnRow"/>
  <testcase time="0" name="testPrevious_dataOnFirst"/>
  <testcase time="0.001" name="testRefreshRow"/>
  <testcase time="0" name="testRelativePos_noData"/>
  <testcase time="0" name="testRelativePos_dataBeforeFirst"/>
  <testcase time="0.001" name="testRelativePos_dataOnRow"/>
  <testcase time="0.002" name="testRelativePos_dataOnLast"/>
  <testcase time="0.001" name="testRelativePos_dataOnRowMove2Valid"/>
  <testcase time="0.001" name="testRelativePos_dataOnRowMove2NotValid"/>
  <testcase time="0.001" name="testRelativeNeg_noData"/>
  <testcase time="0.001" name="testRelativeNeg_dataBeforeFirst"/>
  <testcase time="0.001" name="testRelativeNeg_dataAfterLast"/>
  <testcase time="0.001" name="testRelativeNeg_dataOnRow"/>
  <testcase time="0" name="testRelativeNeg_dataOnFirst"/>
  <testcase time="0" name="testRelativeNeg_dataOnRowMove2Valid"/>
  <testcase time="0.001" name="testRelativeNeg_dataOnRowMove2NotValid"/>
  <testcase time="0.001" name="testRowDeleted"/>
  <testcase time="0.001" name="testRowInserted"/>
  <testcase time="0.001" name="testRowUpdated"/>
  <testcase time="0.001" name="testSetFetchDirection_forward"/>
  <testcase time="0.001" name="testSetFetchDirection_reverse"/>
  <testcase time="0.001" name="testSetFetchDirection_unknown"/>
  <testcase time="0.001" name="testSetFetchSize_negSize"/>
  <testcase time="0" name="testSetFetchSize_posSize"/>
  <testcase time="0.001" name="testUpdateArrayIntArray"/>
  <testcase time="0.001" name="testUpdateArrayStringArray"/>
  <testcase time="0" name="testUpdateAsciiStreamIntInputStream"/>
  <testcase time="0.001" name="testUpdateAsciiStreamStringInputStream"/>
  <testcase time="0" name="testUpdateAsciiStreamIntInputStreamInt"/>
  <testcase time="0" name="testUpdateAsciiStreamStringInputStreamInt"/>
  <testcase time="0" name="testUpdateAsciiStreamIntInputStreamLong"/>
  <testcase time="0" name="testUpdateAsciiStreamStringInputStreamLong"/>
  <testcase time="0" name="testUpdateBigDecimalIntBigDecimal"/>
  <testcase time="0" name="testUpdateBigDecimalStringBigDecimal"/>
  <testcase time="0.006" name="testUpdateBinaryStreamIntInputStream"/>
  <testcase time="0" name="testUpdateBinaryStreamStringInputStream"/>
  <testcase time="0.001" name="testUpdateBinaryStreamIntInputStreamInt"/>
  <testcase time="0" name="testUpdateBinaryStreamStringInputStreamInt"/>
  <testcase time="0" name="testUpdateBinaryStreamIntInputStreamLong"/>
  <testcase time="0" name="testUpdateBinaryStreamStringInputStreamLong"/>
  <testcase time="0" name="testUpdateBlobIntBlob"/>
  <testcase time="0" name="testUpdateBlobStringBlob"/>
  <testcase time="0" name="testUpdateBlobIntInputStream"/>
  <testcase time="0" name="testUpdateBlobStringInputStream"/>
  <testcase time="0.001" name="testUpdateBlobIntInputStreamLong"/>
  <testcase time="0" name="testUpdateBlobStringInputStreamLong"/>
  <testcase time="0.001" name="testUpdateBooleanIntBoolean"/>
  <testcase time="0" name="testUpdateBooleanStringBoolean"/>
  <testcase time="0.001" name="testUpdateByteIntByte"/>
  <testcase time="0" name="testUpdateByteStringByte"/>
  <testcase time="0.001" name="testUpdateBytesIntByteArray"/>
  <testcase time="0" name="testUpdateBytesStringByteArray"/>
  <testcase time="0.001" name="testUpdateCharacterStreamIntReader"/>
  <testcase time="0" name="testUpdateCharacterStreamStringReader"/>
  <testcase time="0" name="testUpdateCharacterStreamIntReaderInt"/>
  <testcase time="0" name="testUpdateCharacterStreamStringReaderInt"/>
  <testcase time="0" name="testUpdateCharacterStreamIntReaderLong"/>
  <testcase time="0" name="testUpdateCharacterStreamStringReaderLong"/>
  <testcase time="0" name="testUpdateClobIntClob"/>
  <testcase time="0" name="testUpdateClobStringClob"/>
  <testcase time="0.001" name="testUpdateClobIntReader"/>
  <testcase time="0" name="testUpdateClobStringReader"/>
  <testcase time="0.001" name="testUpdateClobIntReaderLong"/>
  <testcase time="0" name="testUpdateClobStringReaderLong"/>
  <testcase time="0.001" name="testUpdateDateIntDate"/>
  <testcase time="0" name="testUpdateDateStringDate"/>
  <testcase time="0.001" name="testUpdateDoubleIntDouble"/>
  <testcase time="0" name="testUpdateDoubleStringDouble"/>
  <testcase time="0" name="testUpdateFloatIntFloat"/>
  <testcase time="0" name="testUpdateFloatStringFloat"/>
  <testcase time="0" name="testUpdateIntIntInt"/>
  <testcase time="0" name="testUpdateIntStringInt"/>
  <testcase time="0" name="testUpdateLongIntLong"/>
  <testcase time="0" name="testUpdateLongStringLong"/>
  <testcase time="0" name="testUpdateNCharacterStreamIntReader"/>
  <testcase time="0" name="testUpdateNCharacterStreamStringReader"/>
  <testcase time="0" name="testUpdateNCharacterStreamIntReaderLong"/>
  <testcase time="0" name="testUpdateNCharacterStreamStringReaderLong"/>
  <testcase time="0.004" name="testUpdateNClobIntNClob"/>
  <testcase time="0" name="testUpdateNClobStringNClob"/>
  <testcase time="0.001" name="testUpdateNClobIntReader"/>
  <testcase time="0" name="testUpdateNClobStringReader"/>
  <testcase time="0.001" name="testUpdateNClobIntReaderLong"/>
  <testcase time="0" name="testUpdateNClobStringReaderLong"/>
  <testcase time="0.001" name="testUpdateNStringIntString"/>
  <testcase time="0" name="testUpdateNStringStringString"/>
  <testcase time="0.001" name="testUpdateNullInt"/>
  <testcase time="0" name="testUpdateNullString"/>
  <testcase time="0" name="testUpdateObjectIntObject"/>
  <testcase time="0" name="testUpdateObjectStringObject"/>
  <testcase time="0" name="testUpdateObjectIntObjectInt"/>
  <testcase time="0" name="testUpdateObjectStringObjectInt"/>
  <testcase time="0" name="testUpdateRefIntRef"/>
  <testcase time="0" name="testUpdateRefStringRef"/>
  <testcase time="0" name="testUpdateRow"/>
  <testcase time="0" name="testUpdateRowIdIntRowId"/>
  <testcase time="0" name="testUpdateRowIdStringRowId"/>
  <testcase time="0.001" name="testUpdateSQLXMLIntSQLXML"/>
  <testcase time="0" name="testUpdateSQLXMLStringSQLXML"/>
  <testcase time="0.001" name="testUpdateShortIntShort"/>
  <testcase time="0" name="testUpdateShortStringShort"/>
  <testcase time="0.001" name="testUpdateStringIntString"/>
  <testcase time="0" name="testUpdateStringStringString"/>
  <testcase time="0" name="testUpdateTimeIntTime"/>
  <testcase time="0" name="testUpdateTimeStringTime"/>
  <testcase time="0" name="testUpdateTimestampIntTimestamp"/>
  <testcase time="0" name="testUpdateTimestampStringTimestamp"/>
  <testcase time="0" name="testWasNull"/>
  <testcase time="0" name="testIsWrapperFor_resultSet"/>
  <testcase time="0.001" name="testIsWrapperFor_StreamResult"/>
  <testcase time="0.001" name="testUnwrap_ResultSet"/>
  <testcase time="0.001" name="testUnwrap_StreamResult"/>
</testsuite>