<?xml version="1.0" encoding="UTF-8" ?>
<testsuite failures="0" time="0.024" errors="0" skipped="0" tests="25" name="uk.ac.manchester.cs.snee.evaluator.types.TupleTest">
  <properties>
[...]
</properties>
  <testcase time="0" name="testGetAttributes_notSet"/>
  <testcase time="0" name="testAddAttribute"/>
  <testcase time="0" name="testAddAttribute_alreadyExists"/>
  <testcase time="0.001" name="testGetAttributeValues"/>
  <testcase time="0.001" name="testGetAttrByIndex_notSet"/>
  <testcase time="0" name="testGetAttribute_notSet"/>
  <testcase time="0" name="testGetAttributeByDisplayName_notSet"/>
  <testcase time="0.001" name="testGetAttributeByIndex_notExists"/>
  <testcase time="0.001" name="testGetAttribute_notExists"/>
  <testcase time="0" name="testGetAttributeByDisplayName_notExists"/>
  <testcase time="0" name="testGetAttributeByIndex_exists"/>
  <testcase time="0.001" name="testGetAttribute_exists"/>
  <testcase time="0.001" name="testGetAttributeByDisplayName_exists"/>
  <testcase time="0.001" name="testGetAttributeValueByIndex_notSet"/>
  <testcase time="0" name="testGetAttributeValue_notSet"/>
  <testcase time="0.002" name="testGetAttributeValueByDisplayName_notSet"/>
  <testcase time="0.001" name="testGetAttributeValueByIndex_notExists"/>
  <testcase time="0.001" name="testGetAttributeValue_notExists"/>
  <testcase time="0" name="testGetAttributeValueByDisplayName_notExists"/>
  <testcase time="0" name="testGetAttributeValueByIndex_exists"/>
  <testcase time="0" name="testGetAttributeValue_exists"/>
  <testcase time="0.001" name="testGetAttributeValueByDisplayName_exists"/>
  <testcase time="0.001" name="testGetAttributeValueByName_existsCaseInsensitive"/>
  <testcase time="0.001" name="testGetAttributeValueByDisplayName_existsCaseInsensitive"/>
  <testcase time="0.001" name="testTupleDerivedFromTwoExtents"/>
</testsuite>