<?xml version="1.0" encoding="UTF-8" ?>
<testsuite failures="0" time="0.356" errors="0" skipped="1" tests="70" name="uk.ac.manchester.cs.snee.ResultStoreImplTest">
  <properties>
[...]
</properties>
  <testcase time="0.093" name="testSize"/>
  <testcase time="0.002" name="testGetCommand"/>
  <testcase time="0.007" name="testGetMetaData"/>
  <testcase time="0.012" name="testGetResults_streamTuples"/>
  <testcase time="0.014" name="testGetResults_streamWindows"/>
  <testcase time="0.002" name="testGetResults_invalidCount"/>
  <testcase time="0.002" name="testGetResults_zeroCount"/>
  <testcase time="0.002" name="testGetResults_negativeCount"/>
  <testcase time="0.003" name="testGetResults_countTupleStream"/>
  <testcase time="0.003" name="testGetResults_countWindowStream"/>
  <testcase time="0.004" name="testGetResults_zeroDuration"/>
  <testcase time="0.002" name="testGetResults_negativeDuration"/>
  <testcase time="0.002" name="testGetResults_invalidDuraction"/>
  <testcase time="0.004" name="testGetResults_validSubDuractionStreamTuples"/>
  <testcase time="0.004" name="testGetResults_validSubDuractionStreamWindows"/>
  <testcase time="0.003" name="testGetResultsFromIndex_negativeIndex"/>
  <testcase time="0.002" name="testGetResultsFromIndex_invalidIndex"/>
  <testcase time="0.004" name="testGetResultsFromIndex_zeroIndexStreamTuples"/>
  <testcase time="0.004" name="testGetResultsFromIndex_zeroIndexStreamWindows"/>
  <testcase time="0.005" name="testGetResultsFromIndex_streamTuples"/>
  <testcase time="0.003" name="testGetResultsFromIndex_streamWindows"/>
  <testcase time="0.001" name="testGetResultFromIndexSingleton"/>
  <testcase time="0.002" name="testGetResultsFromIndexCount_negativeIndex"/>
  <testcase time="0.002" name="testGetResultsFromIndexCount_invalidIndex"/>
  <testcase time="0.002" name="testGetResultsFromIndexCount_invalidCount"/>
  <testcase time="0.002" name="testGetResultsFromIndexCount_zeroCount"/>
  <testcase time="0.002" name="testGetResultsFromIndexCount_negativeCount"/>
  <testcase time="0.004" name="testGetResultsFromIndexCount_zeroIndexStreamTuples"/>
  <testcase time="0.004" name="testGetResultsFromIndexCount_zeroIndexStreamWindows"/>
  <testcase time="0.002" name="testGetResultsFromIndexCount_invalidCountIndex"/>
  <testcase time="0.003" name="testGetResultsFromIndexCountStreamTuples"/>
  <testcase time="0.002" name="testGetResultsFromIndexCountStreamWindows"/>
  <testcase time="0.003" name="testGetResultsFromIndexJustLargerCountStreamTuples"/>
  <testcase time="0.004" name="testGetResultsFromIndexFullCountStreamTuples"/>
  <testcase time="0.004" name="testGetResultsFromIndexFullCountStreamWindows"/>
  <testcase time="0.002" name="testGetResultsFromIndexDuration"/>
  <testcase time="0.002" name="testGetResultsFromTimestamp_invalidFutureTimestamp"/>
  <testcase time="0.002" name="testGetResultsFromTimestamp_invalidOldTimestamp"/>
  <testcase time="0.005" name="testGetResultsFromTimestamp_streamTuples"/>
  <testcase time="0.004" name="testGetResultsFromTimestamp_streamWindows"/>
  <testcase time="0.002" name="testGetResultsFromTimestampCount_invalidFutureTimestamp"/>
  <testcase time="0.002" name="testGetResultsFromTimestampCount_invalidOldTimestamp"/>
  <testcase time="0.002" name="testGetResultsFromTimestampCount_invalidCount"/>
  <testcase time="0.002" name="testGetResultsFromTimestampCount_negativeCount"/>
  <testcase time="0.003" name="testGetResultsFromTimestampCount_zeroCount"/>
  <testcase time="0.004" name="testGetResultsFromTimestampCount_streamTuples"/>
  <testcase time="0.005" name="testGetResultsFromTimestampCount_streamWindows"/>
  <testcase time="0.006" name="testGetResultsFromTimestampCount_fullSetStreamTuples"/>
  <testcase time="0.01" name="testGetResultsFromTimestampCount_fullSetStreamWindows"/>
  <testcase time="0.002" name="testGetResultsFromTimestampDuration_invalidFutureTimestamp"/>
  <testcase time="0.002" name="testGetResultsFromTimestampDuration_invalidOldTimestamp"/>
  <testcase time="0.002" name="testGetResultsFromTimestampDuration_zeroDuration"/>
  <testcase time="0.002" name="testGetResultsFromTimestampDuration_negativeDuration"/>
  <testcase time="0.002" name="testGetResultsFromTimestampDuration_invalidDuraction"/>
  <testcase time="0.004" name="testGetResultsFromTimestampDuration_validSubDuractionStreamTuples"/>
  <testcase time="0.01" name="testGetResultsFromTimestampDuration_validSubDuractionStreamWindows"/>
  <testcase time="0.008" name="testGetNewestResults_fullCountStreamTuples"/>
  <testcase time="0.004" name="testGetNewestResults_fullCountStreamWindows"/>
  <testcase time="0.002" name="testGetNewestResults_invalidCount"/>
  <testcase time="0.002" name="testGetNewestResults_zeroCount"/>
  <testcase time="0.002" name="testGetNewestResults_negativeCount"/>
  <testcase time="0.003" name="testGetNewestResults_countStreamTuples"/>
  <testcase time="0.003" name="testGetNewestResults_countStreamWindows"/>
  <testcase time="0.003" name="testGetNewestResults_zeroDuration"/>
  <testcase time="0.002" name="testGetNewestResults_negativeDuration"/>
  <testcase time="0.002" name="testGetNewestResults_invalidDuraction"/>
  <testcase time="0.004" name="testGetNewestResults_validSubDuractionStreamTuples"/>
  <testcase time="0.004" name="testGetNewestResults_validSubDuractionStreamWindows"/>
  <testcase time="0.003" name="testGetResults_EmptyResultset"/>
</testsuite>