<?xml version="1.0" encoding="UTF-8" ?>
<testsuite failures="0" time="18.92" errors="0" skipped="9" tests="117" name="uk.ac.manchester.cs.snee.compiler.translator.TranslatorTest">
  <properties>
[...]
</properties>
  <testcase time="0.423" name="testRubbish"/>
  <testcase time="0.482" name="testGibberish"/>
  <testcase time="0.344" name="testSimpleQuery_pushStream"/>
  <testcase time="0.399" name="testSimpleQuery_pullStream"/>
  <testcase time="0.208" name="testSimpleQuery_table"/>
  <testcase time="0.217" name="testSimpleQuery_tableScan"/>
  <testcase time="0.222" name="testSimpleQuery_tableRescan"/>
  <testcase time="0.263" name="testSimpleQuery_tableRescanAlias"/>
  <testcase time="0.328" name="testSimpleQuery_paren"/>
  <testcase time="0.191" name="testSimpleProject"/>
  <testcase time="0.241" name="testSimpleProject_math"/>
  <testcase time="0.218" name="testProject_attrStar"/>
  <testcase time="0.155" name="testProject_starAttr"/>
  <testcase time="0.151" name="testProject_starRename"/>
  <testcase time="0.162" name="testSimpleProject_paren"/>
  <testcase time="0.17" name="testRename"/>
  <testcase time="0.173" name="testProjectConstant_stringConstant"/>
  <testcase time="0.238" name="testProjectConstant_stringConstantRename"/>
  <testcase time="0.173" name="testProjectConstant_int"/>
  <testcase time="0.145" name="testProjectConstant_intMath"/>
  <testcase time="0.167" name="testProjectConstant_intRename"/>
  <testcase time="0.159" name="testProjectConstant_intMathRename"/>
  <testcase time="0.147" name="testProjectConstant_float"/>
  <testcase time="0.166" name="testProjectConstant_floatRename"/>
  <testcase time="0.159" name="testProjectConstant_constantStar"/>
  <testcase time="0.151" name="testProjectConstant_stringConstantAttr"/>
  <testcase time="0.138" name="testProjectConstant_stringConstantRenameAttr"/>
  <testcase time="0.144" name="testProjectConstant_intAttr"/>
  <testcase time="0.139" name="testProjectConstant_intRenameAttr"/>
  <testcase time="0.162" name="testSimpleSelect_integer"/>
  <testcase time="0.195" name="testSimpleSelect_string"/>
  <testcase time="0.182" name="testSimpleSelect_attrComparison"/>
  <testcase time="0.146" name="testRowWindow"/>
  <testcase time="0.152" name="testRowWindow_toNow"/>
  <testcase time="0.169" name="testNowWindow"/>
  <testcase time="0.143" name="testNowSlideWindow"/>
  <testcase time="0.171" name="testTimeWindow"/>
  <testcase time="0.165" name="testNowEquiJoin"/>
  <testcase time="0.144" name="testTimeEquiJoin"/>
  <testcase time="0.147" name="testJoinQueryRename"/>
  <testcase time="0.15" name="testMultiJoin"/>
  <testcase time="0.139" name="testJoinStreamRelation"/>
  <testcase time="0.14" name="testJoinWindowRelation"/>
  <testcase time="0.139" name="testJoinWindowWindowRelation"/>
  <testcase time="0.14" name="testJoinRelationRelation"/>
  <testcase time="0.139" name="testSimpleRstreamSelectNOW"/>
  <testcase time="0.142" name="testSimpleSelectRstreamNOW"/>
  <testcase time="0.131" name="testUnionQuery_withoutParen"/>
  <testcase time="0.139" name="testUnionQuery_paren"/>
  <testcase time="0.149" name="testUnionQuery_Union3Query"/>
  <testcase time="0.159" name="testUnionQuery_Union4Query"/>
  <testcase time="0.178" name="testUnionQuery_windows"/>
  <testcase time="0.164" name="testUnionQuery_streamWindow"/>
  <testcase time="0.128" name="testUnionQuery_diffAttrSameType"/>
  <testcase time="0.126" name="testUnionQuery_diffAttrDiffType"/>
  <testcase time="0.124" name="testUnionQuery_diffNumAttr"/>
  <testcase time="0.127" name="testQuery_windowOnNestedQuery"/>
  <testcase time="0.131" name="testSubQuery_WindowClause"/>
  <testcase time="0.132" name="testQuery_SimpleRenaming"/>
  <testcase time="0.128" name="testQuery_SimpleRenamingParen"/>
  <testcase time="0.129" name="testQuery_SimpleRenamingWindow"/>
  <testcase time="0.129" name="testUnionQuery_problematicFromClause"/>
  <testcase time="0.151" name="testQuery_TwoColumns_Paren"/>
  <testcase time="0.123" name="testNamedExtentQuery_DuplicateAttributes"/>
  <testcase time="0.125" name="testNamedExtentQuery_UnnamedAttribute"/>
  <testcase time="0.125" name="testNamedExtentQuery_AliasingUnnamedDuplicateAttributes"/>
  <testcase time="0.122" name="testUnnamedExtentQuery_NamedAttribute"/>
  <testcase time="0.122" name="testUnnamedExtentQuery_NamedAttribute_Paren"/>
  <testcase time="0.134" name="testUnnamedExtentQuery_NamedAttribute_Window"/>
  <testcase time="0.124" name="testUnnamedExtentQuery_NamedAttribute_TwoColumns"/>
  <testcase time="0.124" name="testNamedExtentQuery_NamedAttribute"/>
  <testcase time="0.131" name="testNamedExtentQuery_NamedAttribute_TwoColumns"/>
  <testcase time="0.146" name="testNamedExtentQuery_NamedAttribute_AliasingDuplicateColumns"/>
  <testcase time="0.244" name="testUnnamedSubQuery"/>
  <testcase time="0.35" name="testUnnamedSubQuery_Paren"/>
  <testcase time="0.356" name="testUnnamedSubQuery_WindowAndNameInNestedQuery"/>
  <testcase time="0.37" name="testUnnamedSubQuery_TwoColumnsInNestedQuery"/>
  <testcase time="0.288" name="testNamedSubQuery_FetchAll_ProjectSingle_NameExternalAttribute"/>
  <testcase time="0.299" name="testNamedSubQuery_FetchSingle_NameExternalAttribute"/>
  <testcase time="0.291" name="testWindowedNamedSubQuery_FetchSingle_NameExternalAttribute"/>
  <testcase time="0.289" name="testSubQuery_WindowAndNameInNested_FetchSingle_NameExternalAttribute"/>
  <testcase time="0.178" name="testSubQuery_FetchTwoColumns_NameExternalAttribute"/>
  <testcase time="0.125" name="testSubQuery_InternalExternalNames_RenameOnExternal_FetchAll"/>
  <testcase time="0.177" name="testSubQuery_InternalExternalNames_RenameOnExternal_FetchSingle"/>
  <testcase time="0.123" name="testSubQuery_InternalExternalNames_RenameOnExternal_FetchWindowed"/>
  <testcase time="0.127" name="testSubQuery_InternalExternalSameNames"/>
  <testcase time="0.12" name="testAliasing_SingleAttribute_UnnamedExtents"/>
  <testcase time="0.12" name="testAliasing_TwoAttributes_UnnamedExtents"/>
  <testcase time="0.124" name="testAliasingInNestedQuery_NamedExtents_WithWindow"/>
  <testcase time="0.119" name="testAliasing_NamedExtent_UnnamedAttribute"/>
  <testcase time="0.128" name="testAliasingInSubquery_UnnamedExternalAttribute_NamedInternalAttribute"/>
  <testcase time="0.12" name="testAliasing_ReferencedAttributes"/>
  <testcase time="0.121" name="testAliasing_ReferencedAttributes_SubQuery"/>
  <testcase time="0.155" name="testNestedQuery_UnreferencedNestedQuery"/>
  <testcase time="0.142" name="testNestedQuery_UnreferencedNestedQuery_FetchAll"/>
  <testcase time="0.123" name="testNestedQuery_MistakenAliasingFromInternal"/>
  <testcase time="0.119" name="testNestedQuery_WrongAliasing_FetchAll"/>
  <testcase time="0.119" name="testNestedQuery_CorrectAliasingInNestedQuery"/>
  <testcase time="0.123" name="testNestedQuery_InternalExternalAliasing"/>
  <testcase time="0.121" name="testNestedQuery_ExternalAliasingOnFetchAll"/>
  <testcase time="0.219" name="testNestedQuery_WrongExternalAliasingOnFetchAll"/>
  <testcase time="0.264" name="testNestedQuery_ChangeFetchSequence_WithAliasing"/>
  <testcase time="0.191" name="testNestedQuery_WindowedNestinng"/>
  <testcase time="0.161" name="testNestedQuery_DoubleExternalAliasing_SameAttribute"/>
  <testcase time="0.135" name="testNestedQuery_StrangeRenaming_WindowOnInternal"/>
  <testcase time="0.144" name="testNestedJoin_WithAliasing"/>
  <testcase time="0.12" name="testQuery_MultipleNestedLevels"/>
  <testcase time="0.116" name="testRefactorLRF"/>
</testsuite>